<?xml version="1.0" encoding="UTF-8"?>
<!-- Generated by org.testng.reporters.JUnitReportReporter -->
<testsuite hostname="LAPTOP-9JQ8TOR2" failures="0" tests="1" name="testpackage.DetailsTest" time="7.990" errors="0" timestamp="2024-11-04T20:59:28 IST" skipped="0">
  <testcase classname="testpackage.DetailsTest" name="voidverifylogin" time="7.990"/>
</testsuite> <!-- testpackage.DetailsTest -->
