<?xml version="1.0" encoding="UTF-8"?>
<!-- Generated by org.testng.reporters.JUnitReportReporter -->
<testsuite hostname="LAPTOP-9JQ8TOR2" failures="0" tests="1" name="testpackage.Testclass" time="7.441" errors="0" timestamp="2024-11-09T12:06:52 IST" skipped="0">
  <testcase classname="testpackage.Testclass" name="voidverifylogin" time="7.441"/>
</testsuite> <!-- testpackage.Testclass -->
