<?xml version="1.0" encoding="UTF-8"?>
<!-- Generated by org.testng.reporters.JUnitReportReporter -->
<testsuite hostname="LAPTOP-9JQ8TOR2" failures="0" tests="1" name="testpackage.AddtocartTest" time="7.211" errors="0" timestamp="2024-11-04T20:22:41 IST" skipped="0">
  <testcase classname="testpackage.AddtocartTest" name="verify_login" time="7.211"/>
</testsuite> <!-- testpackage.AddtocartTest -->
